*** z:\devtools\skiprb.txt

      corevw.dvx rebased to 0x60500000 (size 0x00060000)
     exprdvx.dvx rebased to 0x60560000 (size 0x00040000)
      jpview.dvx rebased to 0x605a0000 (size 0x00010000)
     jsymprv.dvx rebased to 0x605b0000 (size 0x00010000)
     sheetvw.dvx rebased to 0x605c0000 (size 0x00050000)
        view.dvx rebased to 0x60610000 (size 0x00040000)
     acadwiz.dll rebased to 0x60650000 (size 0x00050000)
     acmdutl.dll rebased to 0x606a0000 (size 0x00150000)
     addinlm.dll rebased to 0x607f0000 (size 0x000f0000)
       adodb.dll rebased to 0x608e0000 (size 0xffffffff)
    aimanrep.dll rebased to 0x608e0000 (size 0x00040000)
      asmapp.dll rebased to 0x60920000 (size 0x00050000)
     asmauto.dll rebased to 0x60970000 (size 0x00160000)
     asmdmsp.dll rebased to 0x60ad0000 (size 0x00040000)
       asmds.dll rebased to 0x60b10000 (size 0x00070000)
      asmdvx.dll rebased to 0x60b80000 (size 0x00180000)
      asmexp.dll rebased to 0x60d00000 (size 0x00070000)
   asutility.dll rebased to 0x60d70000 (size 0xffffffff)
      atrsup.dll rebased to 0x60d70000 (size 0x00050000)
     autools.dll rebased to 0x60dc0000 (size 0x00020000)
  autosketch.dll rebased to 0x60de0000 (size 0x00050000)
   autoutils.dll rebased to 0x60e30000 (size 0x00010000)
     avwsdlg.dll rebased to 0x60e40000 (size 0x00010000)
axinterop.sedraftxlib.dll rebased to 0x60e50000 (size 0xffffffff)
axinterop.selistctrlxlib.dll rebased to 0x60e50000 (size 0xffffffff)
axinterop.separtxlib.dll rebased to 0x60e50000 (size 0xffffffff)
axinterop.sepreviewlib.dll rebased to 0x60e50000 (size 0xffffffff)
axinterop.shdocvw.dll rebased to 0x60e50000 (size 0xffffffff)
beamcolumnmodel.dll rebased to 0x60e50000 (size 0xffffffff)
       beams.dll rebased to 0x60e50000 (size 0xffffffff)
 bevelgear32.dll rebased to 0x60e50000 (size 0xffffffff)
bevelgear32c.dll rebased to 0x60e50000 (size 0xffffffff)
      bindcx.dll rebased to 0x60e50000 (size 0x00020000)
      bindex.dll rebased to 0x60e70000 (size 0x00010000)
     bitarry.dll rebased to 0x60e80000 (size 0x00010000)
boltedconnsrv.dll rebased to 0x60e90000 (size 0x00040000)
c1.win.c1command.2.dll rebased to 0x60ed0000 (size 0xffffffff)
c1.win.c1flexgrid.2.dll rebased to 0x60ed0000 (size 0xffffffff)
c1.win.c1sizer.2.dll rebased to 0x60ed0000 (size 0xffffffff)
c1.win.c1truedbgrid.2.dll rebased to 0x60ed0000 (size 0xffffffff)
c1.win.c1truedbgrid.dll rebased to 0x60ed0000 (size 0xffffffff)
 cadser6se19.dll rebased to 0x60ed0000 (size 0xffffffff)
caeinterfaces.dll rebased to 0x60ed0000 (size 0x00010000)
caeprocessmanager.dll rebased to 0x60ee0000 (size 0x00030000)
   camprof32.dll rebased to 0x60f10000 (size 0xffffffff)
      cams32.dll rebased to 0x60f10000 (size 0xffffffff)
     catia3d.dll rebased to 0x60f10000 (size 0x00010000)
   catia3opt.dll rebased to 0x60f20000 (size 0x00010000)
        cell.dll rebased to 0x60f30000 (size 0x00060000)
      chains.dll rebased to 0x60f90000 (size 0xffffffff)
   chainscal.dll rebased to 0x60f90000 (size 0xffffffff)
 chainsmodel.dll rebased to 0x60f90000 (size 0xffffffff)
   changelog.dll rebased to 0x60f90000 (size 0x00010000)
      cmdspt.dll rebased to 0x60fa0000 (size 0x00020000)
    cmdspt2d.dll rebased to 0x60fc0000 (size 0x00050000)
     cnstbmp.dll rebased to 0x61010000 (size 0x00010000)
     columns.dll rebased to 0x61020000 (size 0xffffffff)
  columnscal.dll rebased to 0x61020000 (size 0xffffffff)
compspring32.dll rebased to 0x61020000 (size 0xffffffff)
compspring32c.dll rebased to 0x61020000 (size 0xffffffff)
      config.dll rebased to 0x61020000 (size 0x00010000)
     control.dll rebased to 0x61030000 (size 0x00120000)
createmodel32.dll rebased to 0x61150000 (size 0xffffffff)
     cvwddlg.dll rebased to 0x61150000 (size 0x00010000)
     d2dglst.dll rebased to 0x61160000 (size 0x00010000)
     d3dglst.dll rebased to 0x61170000 (size 0x00010000)
    datapath.dll rebased to 0x61180000 (size 0x00020000)
     daxutil.dll rebased to 0x611a0000 (size 0x00020000)
      dbatch.dll rebased to 0x611c0000 (size 0x00060000)
     dcm_imp.dll rebased to 0x61220000 (size 0x00080000)
     dcu2d49.dll rebased to 0x612a0000 (size 0xffffffff)
     dcu3d34.dll rebased to 0x612a0000 (size 0xffffffff)
    dcuaem34.dll rebased to 0x612a0000 (size 0xffffffff)
    dcucdm34.dll rebased to 0x612a0000 (size 0xffffffff)
    dcud3e34.dll rebased to 0x612a0000 (size 0xffffffff)
dd_acisbuilder.dll rebased to 0x612a0000 (size 0x00090000)
dd_acisrenderer.dll rebased to 0x61330000 (size 0x00050000)
    dd_alloc.dll rebased to 0x61380000 (size 0x00010000)
      dd_ave.dll rebased to 0x61390000 (size 0x00040000)
       dd_br.dll rebased to 0x613d0000 (size 0x00030000)
       dd_db.dll rebased to 0x61400000 (size 0x004a0000)
dd_dbcommands.dll rebased to 0x618a0000 (size 0x00040000)
dd_dynblocks.dll rebased to 0x618e0000 (size 0x00050000)
       dd_ge.dll rebased to 0x61930000 (size 0x00090000)
       dd_gi.dll rebased to 0x619c0000 (size 0x00080000)
       dd_gs.dll rebased to 0x61a40000 (size 0x00030000)
dd_modelergeometry.dll rebased to 0x61a70000 (size 0x00020000)
dd_plotstyleservices.dll rebased to 0x61a90000 (size 0x00020000)
     dd_root.dll rebased to 0x61ab0000 (size 0x00060000)
       dd_sm.dll rebased to 0x61b10000 (size 0x00060000)
dd_spatialindex.dll rebased to 0x61b70000 (size 0x00010000)
    ddmseapi.dll rebased to 0x61b80000 (size 0xffffffff)
     dethook.dll rebased to 0x61b80000 (size 0x000b0000)
     detline.dll rebased to 0x61c30000 (size 0x00010000)
      dformd.dll rebased to 0x61c40000 (size 0xffffffff)
     dftauto.dll rebased to 0x61c40000 (size 0x000d0000)
     dftfndr.dll rebased to 0x61d10000 (size 0x00040000)
     diskvol.dll rebased to 0x61d50000 (size 0xffffffff)
     displst.dll rebased to 0x61d50000 (size 0x00020000)
     dmcvmsh.dll rebased to 0x61d70000 (size 0x00010000)
     dmrtmsh.dll rebased to 0x61d80000 (size 0x00010000)
     dmwjgd0.dll rebased to 0x61d90000 (size 0x00040000)
     docmgmt.dll rebased to 0x61dd0000 (size 0x00140000)
   docupdate.dll rebased to 0x61f10000 (size 0x00040000)
      docxsh.dll rebased to 0x61f50000 (size 0x00010000)
  dotnetedge.dll rebased to 0x61f60000 (size 0x00010000)
     drgndrp.dll rebased to 0x61f70000 (size 0x00020000)
     dslctrl.dll rebased to 0x61f90000 (size 0x00040000)
     dslutil.dll rebased to 0x61fd0000 (size 0x00060000)
     edgebar.dll rebased to 0x62030000 (size 0x00030000)
      ems2ps.dll rebased to 0x62060000 (size 0x00030000)
      ems2se.dll rebased to 0x62090000 (size 0x00030000)
     ems2set.dll rebased to 0x620c0000 (size 0x00020000)
      emsopt.dll rebased to 0x620e0000 (size 0x00010000)
     emstrns.dll rebased to 0x620f0000 (size 0x00010000)
      ercmae.dll rebased to 0x62100000 (size 0xffffffff)
     exprdcx.dll rebased to 0x62100000 (size 0x00010000)
     exprdex.dll rebased to 0x62110000 (size 0x00040000)
extensionspring32.dll rebased to 0x62150000 (size 0xffffffff)
extensionspring32c.dll rebased to 0x62150000 (size 0xffffffff)
     familya.dll rebased to 0x62150000 (size 0x00040000)
     famsvcs.dll rebased to 0x62190000 (size 0x00010000)
feanalysisadaptor.dll rebased to 0x621a0000 (size 0x00030000)
 featureedge.dll rebased to 0x621d0000 (size 0xffffffff)
featureedged.dll rebased to 0x621d0000 (size 0xffffffff)
      fesefc.dll rebased to 0x621d0000 (size 0xffffffff)
     fesefcd.dll rebased to 0x621d0000 (size 0xffffffff)
     filemgr.dll rebased to 0x621d0000 (size 0x00040000)
     fileprp.dll rebased to 0x62210000 (size 0x00030000)
    findmenu.dll rebased to 0x62240000 (size 0x00010000)
     fontmgr.dll rebased to 0x62250000 (size 0x00020000)
     frustrm.dll rebased to 0x62270000 (size 0x00020000)
     fwkauto.dll rebased to 0x62290000 (size 0x000a0000)
     fwksupp.dll rebased to 0x62330000 (size 0x00160000)
     gaugmgr.dll rebased to 0x62490000 (size 0x00030000)
      gciges.dll rebased to 0x624c0000 (size 0x00040000)
       gcmds.dll rebased to 0x62500000 (size 0x00050000)
      gcmstn.dll rebased to 0x62550000 (size 0x00050000)
    genacisn.dll rebased to 0x625a0000 (size 0xffffffff)
   genacisnd.dll rebased to 0x625a0000 (size 0xffffffff)
     genlink.dll rebased to 0x625a0000 (size 0x00030000)
   geom2dsvc.dll rebased to 0x625d0000 (size 0x00050000)
     gsmarsh.dll rebased to 0x62620000 (size 0x00010000)
   gssfrdvps.dll rebased to 0x62630000 (size 0xffffffff)
gssfrdvpssed.dll rebased to 0x62630000 (size 0xffffffff)
  gssfrlibps.dll rebased to 0x62630000 (size 0xffffffff)
gssfrlibpssed.dll rebased to 0x62630000 (size 0xffffffff)
  gssfrmilps.dll rebased to 0x62630000 (size 0xffffffff)
gssfrmilpssed.dll rebased to 0x62630000 (size 0xffffffff)
   gssfrsmps.dll rebased to 0x62630000 (size 0xffffffff)
gssfrsmpssed.dll rebased to 0x62630000 (size 0xffffffff)
  gssfrutils.dll rebased to 0x62630000 (size 0xffffffff)
gssfrutilssed.dll rebased to 0x62630000 (size 0xffffffff)
       gt4dm.dll rebased to 0x62630000 (size 0x00080000)
     gtdmaut.dll rebased to 0x626b0000 (size 0x00040000)
     gtmarsh.dll rebased to 0x626f0000 (size 0x00010000)
      hcnstr.dll rebased to 0x62700000 (size 0x00040000)
       hslvr.dll rebased to 0x62740000 (size 0x00010000)
    i9cflc01.dll rebased to 0x62750000 (size 0x00100000)
    i9cflweb.dll rebased to 0x62850000 (size 0xffffffff)
      idsapi.dll rebased to 0x62850000 (size 0x00010000)
      ieacad.dll rebased to 0x62860000 (size 0x00140000)
      ieasse.dll rebased to 0x629a0000 (size 0x00030000)
     iedraft.dll rebased to 0x629d0000 (size 0x00050000)
      ieiges.dll rebased to 0x62a20000 (size 0x00020000)
     ieimage.dll rebased to 0x62a40000 (size 0x00050000)
      iemstn.dll rebased to 0x62a90000 (size 0x00030000)
      iepart.dll rebased to 0x62ac0000 (size 0x00020000)
       iestl.dll rebased to 0x62ae0000 (size 0x00010000)
      iges3d.dll rebased to 0x62af0000 (size 0x00020000)
      igesrw.dll rebased to 0x62b10000 (size 0x00010000)
  igeswizard.dll rebased to 0x62b20000 (size 0x00030000)
         igl.dll rebased to 0x62b50000 (size 0x00010000)
       iglms.dll rebased to 0x62b60000 (size 0x00020000)
      ijgdix.dll rebased to 0x62b80000 (size 0x00010000)
        ijgl.dll rebased to 0x62b90000 (size 0x00010000)
insightconnectsupport.dll rebased to 0x62ba0000 (size 0x00010000)
insighthelper.dll rebased to 0x62bb0000 (size 0x000b0000)
interop.cadser6se19.dll rebased to 0x62c60000 (size 0xffffffff)
interop.caeprocessmanager.dll rebased to 0x62c60000 (size 0x00010000)
interop.sedraftxlib.dll rebased to 0x62c70000 (size 0xffffffff)
interop.seinstalldatalib.dll rebased to 0x62c70000 (size 0xffffffff)
interop.selistctrlxlib.dll rebased to 0x62c70000 (size 0xffffffff)
interop.separtxlib.dll rebased to 0x62c70000 (size 0xffffffff)
interop.sepreviewlib.dll rebased to 0x62c70000 (size 0xffffffff)
interop.shdocvw.dll rebased to 0x62c70000 (size 0xffffffff)
interop.solidedgeassembly.dll rebased to 0x62c70000 (size 0xffffffff)
interop.solidedgeconstants.dll rebased to 0x62c70000 (size 0xffffffff)
interop.solidedgeframework.dll rebased to 0x62c70000 (size 0xffffffff)
interop.solidedgeframeworksupport.dll rebased to 0x62c70000 (size 0xffffffff)
interop.solidedgegeometry.dll rebased to 0x62c70000 (size 0xffffffff)
interop.solidedgepart.dll rebased to 0x62c70000 (size 0xffffffff)
 interop.vba.dll rebased to 0x62c70000 (size 0xffffffff)
invmigserver.dll rebased to 0x62c70000 (size 0xffffffff)
it_art4_vc60cios.dll rebased to 0x62c70000 (size 0xffffffff)
it_ifc4_vc60cios.dll rebased to 0x62c70000 (size 0xffffffff)
it_location4_vc60cios.dll rebased to 0x62c70000 (size 0xffffffff)
it_naming4_vc60cios.dll rebased to 0x62c70000 (size 0xffffffff)
it_poa4_vc60cios.dll rebased to 0x62c70000 (size 0xffffffff)
  jdatatable.dll rebased to 0x62c70000 (size 0x00020000)
      jdchlp.dll rebased to 0x62c90000 (size 0x00040000)
     jdirsel.dll rebased to 0x62cd0000 (size 0x00010000)
     jdvsvcs.dll rebased to 0x62ce0000 (size 0x000c0000)
     jengine.dll rebased to 0x62da0000 (size 0x00310000)
     jfilsup.dll rebased to 0x630b0000 (size 0x00010000)
       jgrid.dll rebased to 0x630c0000 (size 0x00050000)
     jimgpvw.dll rebased to 0x63110000 (size 0x00010000)
    jmcmddcx.dll rebased to 0x63120000 (size 0x00030000)
        jpct.dll rebased to 0x63150000 (size 0x00010000)
        jt60.dll rebased to 0x63160000 (size 0xffffffff)
        jt61.dll rebased to 0x63160000 (size 0xffffffff)
     jtabbar.dll rebased to 0x63160000 (size 0x00020000)
    jtbrep60.dll rebased to 0x63180000 (size 0xffffffff)
    jtbrep61.dll rebased to 0x63180000 (size 0xffffffff)
    jtsimp60.dll rebased to 0x63180000 (size 0xffffffff)
    jtsimp61.dll rebased to 0x63180000 (size 0xffffffff)
      jttk20.dll rebased to 0x63180000 (size 0xffffffff)
      jttk22.dll rebased to 0x63180000 (size 0xffffffff)
  jtwinsys60.dll rebased to 0x63180000 (size 0xffffffff)
  jtxtbrep60.dll rebased to 0x63180000 (size 0xffffffff)
  jtxtbrep61.dll rebased to 0x63180000 (size 0xffffffff)
jumpstarteds.dll rebased to 0x63180000 (size 0xffffffff)
jutilforproe.dll rebased to 0x63180000 (size 0xffffffff)
       jxt51.dll rebased to 0x63180000 (size 0xffffffff)
      liboic.dll rebased to 0x63180000 (size 0xffffffff)
lightworksdll.dll rebased to 0x63180000 (size 0xffffffff)
lightworksdlld.dll rebased to 0x63180000 (size 0xffffffff)
     link4dm.dll rebased to 0x63180000 (size 0x00010000)
     linkole.dll rebased to 0x63190000 (size 0x00020000)
litedataserver.dll rebased to 0x631b0000 (size 0x00020000)
  liteidsapi.dll rebased to 0x631d0000 (size 0x00020000)
      litprt.dll rebased to 0x631f0000 (size 0x00050000)
     litpsup.dll rebased to 0x63240000 (size 0x00030000)
      lmgr11.dll rebased to 0x63270000 (size 0xffffffff)
 loadcompsrv.dll rebased to 0x63270000 (size 0x00040000)
         log.dll rebased to 0x632b0000 (size 0x00010000)
       ltqry.dll rebased to 0x632c0000 (size 0x00010000)
      ltqrya.dll rebased to 0x632d0000 (size 0x00010000)
    mattable.dll rebased to 0x632e0000 (size 0x00030000)
     mdevnts.dll rebased to 0x63310000 (size 0x00020000)
      mdlang.dll rebased to 0x63330000 (size 0x00040000)
  mdlbrowser.dll rebased to 0x63370000 (size 0x00020000)
      mds2se.dll rebased to 0x63390000 (size 0x00020000)
      mdsopt.dll rebased to 0x633b0000 (size 0x00020000)
     mdstrns.dll rebased to 0x633d0000 (size 0x00010000)
mdtserverside.dll rebased to 0x633e0000 (size 0xffffffff)
     miniems.dll rebased to 0x633e0000 (size 0xffffffff)
    miniemsd.dll rebased to 0x633e0000 (size 0xffffffff)
     mstnopt.dll rebased to 0x633e0000 (size 0x00030000)
      mstnrw.dll rebased to 0x63410000 (size 0x00020000)
      msxml3.dll rebased to 0x63430000 (size 0xffffffff)
     msxml3a.dll rebased to 0x63430000 (size 0xffffffff)
     msxml3r.dll rebased to 0x63430000 (size 0xffffffff)
      objlog.dll rebased to 0x63430000 (size 0x00010000)
      ole4dm.dll rebased to 0x63440000 (size 0x00010000)
     oledmui.dll rebased to 0x63450000 (size 0x00010000)
     olehand.dll rebased to 0x63460000 (size 0x00010000)
     olerndr.dll rebased to 0x63470000 (size 0x00010000)
     olesite.dll rebased to 0x63480000 (size 0x000e0000)
 otherplmxml.dll rebased to 0x63560000 (size 0x00020000)
  parasupt60.dll rebased to 0x63580000 (size 0xffffffff)
  parasupt61.dll rebased to 0x63580000 (size 0xffffffff)
     pardmsp.dll rebased to 0x63580000 (size 0x00020000)
     partbrp.dll rebased to 0x635a0000 (size 0x002f0000)
     partdax.dll rebased to 0x63890000 (size 0x00340000)
     partdcx.dll rebased to 0x63bd0000 (size 0x00510000)
     partdex.dll rebased to 0x640e0000 (size 0x002e0000)
     partdvx.dll rebased to 0x643c0000 (size 0x00010000)
     partmnk.dll rebased to 0x643d0000 (size 0x000d0000)
      partps.dll rebased to 0x644a0000 (size 0xffffffff)
     partpsd.dll rebased to 0x644a0000 (size 0xffffffff)
     partsvc.dll rebased to 0x644a0000 (size 0x00300000)
     partutl.dll rebased to 0x647a0000 (size 0x000e0000)
       pcl51.dll rebased to 0x64880000 (size 0xffffffff)
       pfcom.dll rebased to 0x64880000 (size 0xffffffff)
    pfkernel.dll rebased to 0x64880000 (size 0xffffffff)
pipedbaccess.dll rebased to 0x64880000 (size 0x00030000)
    plmxml51.dll rebased to 0x648b0000 (size 0xffffffff)
plmxmladapterjt51.dll rebased to 0x648b0000 (size 0xffffffff)
plmxmladapterjxt51.dll rebased to 0x648b0000 (size 0xffffffff)
plmxmladapternx51.dll rebased to 0x648b0000 (size 0xffffffff)
plmxmladapterse51.dll rebased to 0x648b0000 (size 0x00c10000)
plmxmladapterseh.dll rebased to 0x654c0000 (size 0x00040000)
plmxmladapterxpk51.dll rebased to 0x65500000 (size 0xffffffff)
plmxmladapterxt51.dll rebased to 0x65500000 (size 0xffffffff)
plmxmlannotation51.dll rebased to 0x65500000 (size 0xffffffff)
plmxmlbusiness51.dll rebased to 0x65500000 (size 0xffffffff)
plmxmlclassification51.dll rebased to 0x65500000 (size 0xffffffff)
plmxmldelta51.dll rebased to 0x65500000 (size 0xffffffff)
 plmxmleds51.dll rebased to 0x65500000 (size 0xffffffff)
  plmxmlfd51.dll rebased to 0x65500000 (size 0xffffffff)
plmxmlmechatronics51.dll rebased to 0x65500000 (size 0xffffffff)
 plmxmlmpm51.dll rebased to 0x65500000 (size 0xffffffff)
 plmxmlmro51.dll rebased to 0x65500000 (size 0xffffffff)
plmxmlparserxerces51.dll rebased to 0x65500000 (size 0xffffffff)
plmxmlroutelist51.dll rebased to 0x65500000 (size 0xffffffff)
plmxmltceng51.dll rebased to 0x65500000 (size 0xffffffff)
probeutilities.dll rebased to 0x65500000 (size 0x00030000)
        proe.dll rebased to 0x65530000 (size 0x00010000)
     proeopt.dll rebased to 0x65540000 (size 0x00010000)
proeseserverside.dll rebased to 0x65550000 (size 0xffffffff)
     profdax.dll rebased to 0x65550000 (size 0x00060000)
     profdcx.dll rebased to 0x655b0000 (size 0x000a0000)
     profdex.dll rebased to 0x65650000 (size 0x000d0000)
     profhlp.dll rebased to 0x65720000 (size 0x00020000)
    propauto.dll rebased to 0x65740000 (size 0x00040000)
     propmgr.dll rebased to 0x65780000 (size 0x000d0000)
     prtauto.dll rebased to 0x65850000 (size 0x00390000)
      prtdat.dll rebased to 0x65be0000 (size 0x00030000)
psassemblyrep.dll rebased to 0x65c10000 (size 0xffffffff)
psassemblyrepd.dll rebased to 0x65c10000 (size 0xffffffff)
      psbase.dll rebased to 0x65c10000 (size 0xffffffff)
     psbased.dll rebased to 0x65c10000 (size 0xffffffff)
  psbodyshop.dll rebased to 0x65c10000 (size 0xffffffff)
   pscatiav4.dll rebased to 0x65c10000 (size 0xffffffff)
pscatiav4base.dll rebased to 0x65c10000 (size 0xffffffff)
pscatiav4based.dll rebased to 0x65c10000 (size 0xffffffff)
  pscatiav4d.dll rebased to 0x65c10000 (size 0xffffffff)
       pscvt.dll rebased to 0x65c10000 (size 0x00030000)
   psgeneric.dll rebased to 0x65c40000 (size 0xffffffff)
  psgenericd.dll rebased to 0x65c40000 (size 0xffffffff)
     pshrdcx.dll rebased to 0x65c40000 (size 0x00170000)
      psiges.dll rebased to 0x65db0000 (size 0xffffffff)
     psigesd.dll rebased to 0x65db0000 (size 0xffffffff)
   psinterop.dll rebased to 0x65db0000 (size 0xffffffff)
  psinteropd.dll rebased to 0x65db0000 (size 0xffffffff)
    pskernel.dll rebased to 0x65db0000 (size 0xffffffff)
     psolems.dll rebased to 0x65db0000 (size 0x00010000)
      psproe.dll rebased to 0x65dc0000 (size 0xffffffff)
  psproebase.dll rebased to 0x65dc0000 (size 0xffffffff)
 psproebased.dll rebased to 0x65dc0000 (size 0xffffffff)
     psproed.dll rebased to 0x65dc0000 (size 0xffffffff)
  psproeutil.dll rebased to 0x65dc0000 (size 0xffffffff)
 psproeutild.dll rebased to 0x65dc0000 (size 0xffffffff)
pspropertiesbase.dll rebased to 0x65dc0000 (size 0xffffffff)
pspropertiesbased.dll rebased to 0x65dc0000 (size 0xffffffff)
pspropertiesbrepimporter.dll rebased to 0x65dc0000 (size 0xffffffff)
pspropertiesbrepimporterd.dll rebased to 0x65dc0000 (size 0xffffffff)
      psstep.dll rebased to 0x65dc0000 (size 0xffffffff)
     psstepd.dll rebased to 0x65dc0000 (size 0xffffffff)
       pssup.dll rebased to 0x65dc0000 (size 0x00020000)
    psxcatia.dll rebased to 0x65de0000 (size 0xffffffff)
   psxcatiad.dll rebased to 0x65de0000 (size 0xffffffff)
     psxcore.dll rebased to 0x65de0000 (size 0xffffffff)
    psxcored.dll rebased to 0x65de0000 (size 0xffffffff)
     psxiges.dll rebased to 0x65de0000 (size 0xffffffff)
    psxigesd.dll rebased to 0x65de0000 (size 0xffffffff)
      psxmil.dll rebased to 0x65de0000 (size 0xffffffff)
     psxmild.dll rebased to 0x65de0000 (size 0xffffffff)
     psxproe.dll rebased to 0x65de0000 (size 0xffffffff)
    psxproed.dll rebased to 0x65de0000 (size 0xffffffff)
     psxstep.dll rebased to 0x65de0000 (size 0xffffffff)
    psxstepd.dll rebased to 0x65de0000 (size 0xffffffff)
 psxttoolkit.dll rebased to 0x65de0000 (size 0xffffffff)
     ptrnsup.dll rebased to 0x65de0000 (size 0x00010000)
     publish.dll rebased to 0x65df0000 (size 0xffffffff)
     readems.dll rebased to 0x65df0000 (size 0x00020000)
      render.dll rebased to 0x65e10000 (size 0x00160000)
      rendex.dll rebased to 0x65f70000 (size 0x00040000)
     rfmsdcx.dll rebased to 0x65fb0000 (size 0x000c0000)
     rfmssvs.dll rebased to 0x66070000 (size 0x004f0000)
     s3dedlg.dll rebased to 0x66560000 (size 0x00080000)
       sat3d.dll rebased to 0x665e0000 (size 0x00010000)
     sat3opt.dll rebased to 0x665f0000 (size 0x00010000)
    sdrcutil.dll rebased to 0x66600000 (size 0x00400000)
se.core.base.dll rebased to 0x66a00000 (size 0xffffffff)
se.core.controls.dll rebased to 0x66a00000 (size 0xffffffff)
se.core.ctools.dll rebased to 0x66a00000 (size 0xffffffff)
se.core.document.dll rebased to 0x66a00000 (size 0xffffffff)
se.core.storagelib.dll rebased to 0x66a00000 (size 0xffffffff)
se.core.utilities.dll rebased to 0x66a00000 (size 0xffffffff)
se.smap.bulkpartadder.dll rebased to 0x66a00000 (size 0xffffffff)
se.smap.parteditor.dll rebased to 0x66a00000 (size 0xffffffff)
se.smap.partfinderlib.dll rebased to 0x66a00000 (size 0xffffffff)
se.smap.smartinstaller.dll rebased to 0x66a00000 (size 0xffffffff)
seassemblydata.dll rebased to 0x66a00000 (size 0x00030000)
     sebkmtr.dll rebased to 0x66a30000 (size 0x00020000)
     secatia.dll rebased to 0x66a50000 (size 0x00010000)
   seclasses.dll rebased to 0x66a60000 (size 0x00060000)
      sedata.dll rebased to 0x66ac0000 (size 0x00010000)
seer_shaftmodel.dll rebased to 0x66ad0000 (size 0xffffffff)
  seercommon.dll rebased to 0x66ad0000 (size 0xffffffff)
 seerstartup.dll rebased to 0x66ad0000 (size 0xffffffff)
     sefacet.dll rebased to 0x66ad0000 (size 0x00150000)
    sefilter.dll rebased to 0x66c20000 (size 0x00020000)
      sehdlr.dll rebased to 0x66c40000 (size 0x00010000)
      seiges.dll rebased to 0x66c50000 (size 0x00020000)
seinstalldata.dll rebased to 0x66c70000 (size 0x00020000)
sejtpmistrategies.dll rebased to 0x66c90000 (size 0x00020000)
      selink.dll rebased to 0x66cb0000 (size 0x00010000)
  selinkinfo.dll rebased to 0x66cc0000 (size 0x00010000)
seliteassemblydata.dll rebased to 0x66cd0000 (size 0x00040000)
        selw.dll rebased to 0x66d10000 (size 0x00040000)
     semarsh.dll rebased to 0x66d50000 (size 0x00010000)
      sensor.dll rebased to 0x66d60000 (size 0x00020000)
separtreader.dll rebased to 0x66d80000 (size 0x00bb0000)
sepffrustrum.dll rebased to 0x67930000 (size 0x00020000)
      seproe.dll rebased to 0x67950000 (size 0x00010000)
      seprop.dll rebased to 0x67960000 (size 0x00030000)
     sepvknl.dll rebased to 0x67990000 (size 0x00020000)
       sesat.dll rebased to 0x679b0000 (size 0x00010000)
      sestep.dll rebased to 0x679c0000 (size 0x00010000)
 sethumbnail.dll rebased to 0x679d0000 (size 0x00010000)
       sexpk.dll rebased to 0x679e0000 (size 0x00020000)
     shaft32.dll rebased to 0x67a00000 (size 0xffffffff)
       shake.dll rebased to 0x67a00000 (size 0x00010000)
      shlyhp.dll rebased to 0x67a10000 (size 0x00030000)
     skdrtrg.dll rebased to 0x67a40000 (size 0x00010000)
      skpref.dll rebased to 0x67a50000 (size 0x00020000)
       smart.dll rebased to 0x67a70000 (size 0x00020000)
smfeatureedge.dll rebased to 0x67a90000 (size 0xffffffff)
smfeatureedged.dll rebased to 0x67a90000 (size 0xffffffff)
        smse.dll rebased to 0x67a90000 (size 0xffffffff)
      smsrvc.dll rebased to 0x67a90000 (size 0x00020000)
     smtlbrp.dll rebased to 0x67ab0000 (size 0x002e0000)
     smtldcx.dll rebased to 0x67d90000 (size 0x00100000)
solidedge_tce.dll rebased to 0x67e90000 (size 0x00020000)
solidedge_tce1001.dll rebased to 0x67eb0000 (size 0x00180000)
solidedge_tce913.dll rebased to 0x68030000 (size 0x00180000)
    spaacisn.dll rebased to 0x681b0000 (size 0xffffffff)
   spaacisnd.dll rebased to 0x681b0000 (size 0xffffffff)
   spaapartn.dll rebased to 0x681b0000 (size 0xffffffff)
    spaavisn.dll rebased to 0x681b0000 (size 0xffffffff)
    spabasen.dll rebased to 0x681b0000 (size 0xffffffff)
   spabasend.dll rebased to 0x681b0000 (size 0xffffffff)
 spahbridgen.dll rebased to 0x681b0000 (size 0xffffffff)
   spahpartn.dll rebased to 0x681b0000 (size 0xffffffff)
spaxacisbasen.dll rebased to 0x681b0000 (size 0xffffffff)
spaxacisbasend.dll rebased to 0x681b0000 (size 0xffffffff)
spaxassemblyrepn.dll rebased to 0x681b0000 (size 0xffffffff)
spaxassemblyrepnd.dll rebased to 0x681b0000 (size 0xffffffff)
   spaxbasen.dll rebased to 0x681b0000 (size 0xffffffff)
  spaxbasend.dll rebased to 0x681b0000 (size 0xffffffff)
spaxdefaultgeometryrepn.dll rebased to 0x681b0000 (size 0xffffffff)
spaxdefaultgeometryrepnd.dll rebased to 0x681b0000 (size 0xffffffff)
spaxebombasen.dll rebased to 0x681b0000 (size 0xffffffff)
spaxebombasend.dll rebased to 0x681b0000 (size 0xffffffff)
spaxebomnewassemblyexportern.dll rebased to 0x681b0000 (size 0xffffffff)
spaxebomnewassemblyexporternd.dll rebased to 0x681b0000 (size 0xffffffff)
spaxebomnewassemblyimportern.dll rebased to 0x681b0000 (size 0xffffffff)
spaxebomnewassemblyimporternd.dll rebased to 0x681b0000 (size 0xffffffff)
spaxgenericn.dll rebased to 0x681b0000 (size 0xffffffff)
spaxgenericnd.dll rebased to 0x681b0000 (size 0xffffffff)
spaxgeometryrepresentationn.dll rebased to 0x681b0000 (size 0xffffffff)
spaxgeometryrepresentationnd.dll rebased to 0x681b0000 (size 0xffffffff)
spaxinteropn.dll rebased to 0x681b0000 (size 0xffffffff)
spaxinteropnd.dll rebased to 0x681b0000 (size 0xffffffff)
spaxpropertiesbasen.dll rebased to 0x681b0000 (size 0xffffffff)
spaxpropertiesbasend.dll rebased to 0x681b0000 (size 0xffffffff)
spaxpropertiesbrepimportern.dll rebased to 0x681b0000 (size 0xffffffff)
spaxpropertiesbrepimporternd.dll rebased to 0x681b0000 (size 0xffffffff)
spaxpropertiesnewassemblyimportern.dll rebased to 0x681b0000 (size 0xffffffff)
spaxpropertiesnewassemblyimporternd.dll rebased to 0x681b0000 (size 0xffffffff)
  spaxxmltkn.dll rebased to 0x681b0000 (size 0xffffffff)
 spaxxmltknd.dll rebased to 0x681b0000 (size 0xffffffff)
      splash.dll rebased to 0x681b0000 (size 0x00010000)
  spmigutils.dll rebased to 0x681c0000 (size 0x00030000)
     sprfhlp.dll rebased to 0x681f0000 (size 0x00030000)
  spurgear32.dll rebased to 0x68220000 (size 0xffffffff)
 spurgear32c.dll rebased to 0x68220000 (size 0xffffffff)
spurgearmodel.dll rebased to 0x68220000 (size 0xffffffff)
      step3d.dll rebased to 0x68220000 (size 0x00010000)
      stlopt.dll rebased to 0x68230000 (size 0x00010000)
     stp3opt.dll rebased to 0x68240000 (size 0x00010000)
     stylspt.dll rebased to 0x68250000 (size 0x00010000)
     suminfo.dll rebased to 0x68260000 (size 0x00010000)
          sw.dll rebased to 0x68270000 (size 0x00010000)
        sw3d.dll rebased to 0x68280000 (size 0x00040000)
       swopt.dll rebased to 0x682c0000 (size 0x00010000)
       symnw.dll rebased to 0x682d0000 (size 0x00010000)
    syncbelt.dll rebased to 0x682e0000 (size 0xffffffff)
syncbeltscal.dll rebased to 0x682e0000 (size 0xffffffff)
syncbeltsmodel.dll rebased to 0x682e0000 (size 0xffffffff)
     taglist.dll rebased to 0x682e0000 (size 0x00010000)
     timeutl.dll rebased to 0x682f0000 (size 0x00020000)
     tranutl.dll rebased to 0x68310000 (size 0x00020000)
      trnopt.dll rebased to 0x68330000 (size 0x00010000)
      trnsup.dll rebased to 0x68340000 (size 0x00010000)
     trnsupx.dll rebased to 0x68350000 (size 0x00020000)
      tubing.dll rebased to 0x68370000 (size 0x001a0000)
     ubspm2d.dll rebased to 0x68510000 (size 0x00110000)
     ubspm3d.dll rebased to 0x68620000 (size 0x00140000)
       ugeom.dll rebased to 0x68760000 (size 0x00090000)
     ugeom2d.dll rebased to 0x687f0000 (size 0x00070000)
        ugsm.dll rebased to 0x68860000 (size 0x00030000)
      ugsupp.dll rebased to 0x68890000 (size 0x00010000)
      umacro.dll rebased to 0x688a0000 (size 0x00010000)
       umath.dll rebased to 0x688b0000 (size 0x00020000)
     unitshx.dll rebased to 0x688d0000 (size 0x00020000)
     uprfhlp.dll rebased to 0x688f0000 (size 0x00010000)
      upstgt.dll rebased to 0x68900000 (size 0x00010000)
      uwmath.dll rebased to 0x68910000 (size 0x00010000)
       vbelt.dll rebased to 0x68920000 (size 0xffffffff)
    vbeltcal.dll rebased to 0x68920000 (size 0xffffffff)
  vbeltmodel.dll rebased to 0x68920000 (size 0xffffffff)
     vhlsupp.dll rebased to 0x68920000 (size 0x00020000)
     viewsup.dll rebased to 0x68940000 (size 0x00020000)
      visual.dll rebased to 0x68960000 (size 0x002e0000)
      vwdata.dll rebased to 0x68c40000 (size 0x00070000)
     vwdshel.dll rebased to 0x68cb0000 (size 0x00010000)
     vwsedlg.dll rebased to 0x68cc0000 (size 0x00060000)
webclientconsumer.dll rebased to 0x68d20000 (size 0x00020000)
     welddcx.dll rebased to 0x68d40000 (size 0x00070000)
    wormgear.dll rebased to 0x68db0000 (size 0xffffffff)
 wormgearcal.dll rebased to 0x68db0000 (size 0xffffffff)
wormgearmodel.dll rebased to 0x68db0000 (size 0xffffffff)
    wphelper.dll rebased to 0x68db0000 (size 0x00060000)
wprobeutilities.dll rebased to 0x68e10000 (size 0x00010000)
      wrtems.dll rebased to 0x68e20000 (size 0x00010000)
    xacis2kn.dll rebased to 0x68e30000 (size 0xffffffff)
   xacis2knd.dll rebased to 0x68e30000 (size 0xffffffff)
    xcore2kn.dll rebased to 0x68e30000 (size 0xffffffff)
   xcore2knd.dll rebased to 0x68e30000 (size 0xffffffff)
     xfrstrm.dll rebased to 0x68e30000 (size 0x00020000)
       xmiln.dll rebased to 0x68e50000 (size 0xffffffff)
      xmilnd.dll rebased to 0x68e50000 (size 0xffffffff)
       xpk51.dll rebased to 0x68e50000 (size 0xffffffff)
xprobeutilities.dll rebased to 0x68e50000 (size 0x00010000)
      ahelps.dax rebased to 0x68e60000 (size 0x00150000)
     asymbol.dax rebased to 0x68fb0000 (size 0x00020000)
     cnstr2d.dax rebased to 0x68fd0000 (size 0x00020000)
     dfrmwrk.dax rebased to 0x68ff0000 (size 0x00030000)
     exprdax.dax rebased to 0x69020000 (size 0x00010000)
      geom2d.dax rebased to 0x69030000 (size 0x000c0000)
       group.dax rebased to 0x690f0000 (size 0x00020000)
      hannot.dax rebased to 0x69110000 (size 0x00100000)
       hdrvw.dax rebased to 0x69210000 (size 0x00070000)
     hfilsup.dax rebased to 0x69280000 (size 0x00010000)
     himgfrm.dax rebased to 0x69290000 (size 0x00020000)
      hlayer.dax rebased to 0x692b0000 (size 0x00010000)
     hlyraux.dax rebased to 0x692c0000 (size 0x00010000)
     hsensor.dax rebased to 0x692d0000 (size 0x00010000)
     hsfstyl.dax rebased to 0x692e0000 (size 0x00010000)
    hsmrtfrm.dax rebased to 0x692f0000 (size 0x00020000)
   hsnapshot.dax rebased to 0x69310000 (size 0x00030000)
     hstyl3d.dax rebased to 0x69340000 (size 0x00020000)
      hvfset.dax rebased to 0x69360000 (size 0x00010000)
     hvwstyl.dax rebased to 0x69370000 (size 0x00010000)
      jsldax.dax rebased to 0x69380000 (size 0x00010000)
      occurr.dax rebased to 0x69390000 (size 0x00020000)
      styles.dax rebased to 0x693b0000 (size 0x00020000)
     stylext.dax rebased to 0x693d0000 (size 0x00010000)
     tstyles.dax rebased to 0x693e0000 (size 0x00020000)
       acasm.dcx rebased to 0x69400000 (size 0x00550000)
       acrep.dcx rebased to 0x69950000 (size 0x00050000)
      actest.dcx rebased to 0x699a0000 (size 0x00050000)
       basic.dcx rebased to 0x699f0000 (size 0x00010000)
     cmdactv.dcx rebased to 0x69a00000 (size 0x00010000)
        copy.dcx rebased to 0x69a10000 (size 0x00020000)
     csymbol.dcx rebased to 0x69a30000 (size 0x00020000)
     csymdlg.dcx rebased to 0x69a50000 (size 0x00020000)
       dccmd.dcx rebased to 0x69a70000 (size 0x00010000)
      dtldcx.dcx rebased to 0x69a80000 (size 0x00350000)
      ggroup.dcx rebased to 0x69dd0000 (size 0x00020000)
         i2d.dcx rebased to 0x69df0000 (size 0x005d0000)
     jolecmd.dcx rebased to 0x6a3c0000 (size 0x00010000)
     print3d.dcx rebased to 0x6a3d0000 (size 0x00020000)
     s3dcmds.dcx rebased to 0x6a3f0000 (size 0x00020000)
      scopts.dcx rebased to 0x6a410000 (size 0x00050000)
     slctall.dcx rebased to 0x6a460000 (size 0x00010000)
      studio.dcx rebased to 0x6a470000 (size 0x00090000)
     svascmd.dcx rebased to 0x6a500000 (size 0x00020000)
        totd.dcx rebased to 0x6a520000 (size 0x00020000)
      vwcmds.dcx rebased to 0x6a540000 (size 0x00080000)
     vwscmds.dcx rebased to 0x6a5c0000 (size 0x00020000)
       aeasm.dex rebased to 0x6a5e0000 (size 0x00460000)
       annot.dex rebased to 0x6aa40000 (size 0x00330000)
      blocks.dex rebased to 0x6ad70000 (size 0x00060000)
conversiononly.dex rebased to 0x6add0000 (size 0x00050000)
      docext.dex rebased to 0x6ae20000 (size 0x00070000)
      fsover.dex rebased to 0x6ae90000 (size 0x00010000)
     graph2d.dex rebased to 0x6aea0000 (size 0x001e0000)
     grp_dex.dex rebased to 0x6b080000 (size 0x00020000)
      grpmgr.dex rebased to 0x6b0a0000 (size 0x00020000)
      imgfrm.dex rebased to 0x6b0c0000 (size 0x00040000)
         jdv.dex rebased to 0x6b100000 (size 0x00580000)
     jgeom3d.dex rebased to 0x6b680000 (size 0x00070000)
     jtopvfs.dex rebased to 0x6b6f0000 (size 0x00010000)
      lyrmgr.dex rebased to 0x6b700000 (size 0x00020000)
     namedvw.dex rebased to 0x6b720000 (size 0x00010000)
     namemgr.dex rebased to 0x6b730000 (size 0x00010000)
      sfstyl.dex rebased to 0x6b740000 (size 0x00020000)
      shlymg.dex rebased to 0x6b760000 (size 0x00010000)
     smrtfrm.dex rebased to 0x6b770000 (size 0x00020000)
       style.dex rebased to 0x6b790000 (size 0x00060000)
     style3d.dex rebased to 0x6b7f0000 (size 0x00020000)
     stylmgr.dex rebased to 0x6b810000 (size 0x00020000)
     stylrel.dex rebased to 0x6b830000 (size 0x00010000)
      symbol.dex rebased to 0x6b840000 (size 0x00050000)
      tables.dex rebased to 0x6b890000 (size 0x00030000)
     viewfil.dex rebased to 0x6b8c0000 (size 0x00010000)
     vwstyle.dex rebased to 0x6b8d0000 (size 0x00020000)
           *.drx rebased to 0x6b8f0000 (size 0xffffffff)
     prvwsht.dsx rebased to 0x6b8f0000 (size 0x00010000)
     ssymbol.dsx rebased to 0x6b900000 (size 0x00010000)
      vwicon.dsx rebased to 0x6b910000 (size 0x00010000)
     cutplln.dnx rebased to 0x6b920000 (size 0x00020000)
     edtvwnv.dnx rebased to 0x6b940000 (size 0x00020000)
     profile.dnx rebased to 0x6b960000 (size 0x00030000)
     command.ocx rebased to 0x6b990000 (size 0x00010000)
       mouse.ocx rebased to 0x6b9a0000 (size 0x00010000)
      secctl.ocx rebased to 0x6b9b0000 (size 0x00010000)
    sedraftx.ocx rebased to 0x6b9c0000 (size 0x00050000)
 selistctrlx.ocx rebased to 0x6ba10000 (size 0x00030000)
      semctl.ocx rebased to 0x6ba40000 (size 0x00020000)
     separtx.ocx rebased to 0x6ba60000 (size 0x00090000)
   sepreview.ocx rebased to 0x6baf0000 (size 0x00180000)

Total Size of mapping 0x0b770000
Range 0x60500000 -0x6bc70000

*** z:\devtools\skiprb.txt

           *.dvx rebased to 0x6bc70000 (size 0xffffffff)
axinterop.sedraftxlib.dll rebased to 0x6bc70000 (size 0xffffffff)
axinterop.separtxlib.dll rebased to 0x6bc70000 (size 0xffffffff)
axinterop.sepreviewlib.dll rebased to 0x6bc70000 (size 0xffffffff)
axinterop.shdocvw.dll rebased to 0x6bc70000 (size 0xffffffff)
c1.win.c1command.2.dll rebased to 0x6bc70000 (size 0xffffffff)
c1.win.c1flexgrid.2.dll rebased to 0x6bc70000 (size 0xffffffff)
c1.win.c1sizer.2.dll rebased to 0x6bc70000 (size 0xffffffff)
c1.win.c1truedbgrid.2.dll rebased to 0x6bc70000 (size 0xffffffff)
c1.win.c1truedbgrid.dll rebased to 0x6bc70000 (size 0xffffffff)
 cadser6se19.dll rebased to 0x6bc70000 (size 0xffffffff)
     dcu2d49.dll rebased to 0x6bc70000 (size 0xffffffff)
     dcu3d34.dll rebased to 0x6bc70000 (size 0xffffffff)
    dcuaem34.dll rebased to 0x6bc70000 (size 0xffffffff)
    dcucdm34.dll rebased to 0x6bc70000 (size 0xffffffff)
    dcud3e34.dll rebased to 0x6bc70000 (size 0xffffffff)
     diskvol.dll rebased to 0x6bc70000 (size 0xffffffff)
  dotnetedge.dll rebased to 0x6bc70000 (size 0x00010000)
 featureedge.dll rebased to 0x6bc80000 (size 0xffffffff)
featureedged.dll rebased to 0x6bc80000 (size 0xffffffff)
      fesefc.dll rebased to 0x6bc80000 (size 0xffffffff)
     fesefcd.dll rebased to 0x6bc80000 (size 0xffffffff)
   gssfrdvps.dll rebased to 0x6bc80000 (size 0xffffffff)
gssfrdvpssed.dll rebased to 0x6bc80000 (size 0xffffffff)
  gssfrlibps.dll rebased to 0x6bc80000 (size 0xffffffff)
gssfrlibpssed.dll rebased to 0x6bc80000 (size 0xffffffff)
  gssfrmilps.dll rebased to 0x6bc80000 (size 0xffffffff)
gssfrmilpssed.dll rebased to 0x6bc80000 (size 0xffffffff)
   gssfrsmps.dll rebased to 0x6bc80000 (size 0xffffffff)
gssfrsmpssed.dll rebased to 0x6bc80000 (size 0xffffffff)
  gssfrutils.dll rebased to 0x6bc80000 (size 0xffffffff)
gssfrutilssed.dll rebased to 0x6bc80000 (size 0xffffffff)
    i9cflweb.dll rebased to 0x6bc80000 (size 0xffffffff)
interop.cadser6se19.dll rebased to 0x6bc80000 (size 0xffffffff)
interop.sedraftxlib.dll rebased to 0x6bc80000 (size 0xffffffff)
interop.seinstalldatalib.dll rebased to 0x6bc80000 (size 0xffffffff)
interop.separtxlib.dll rebased to 0x6bc80000 (size 0xffffffff)
interop.sepreviewlib.dll rebased to 0x6bc80000 (size 0xffffffff)
interop.shdocvw.dll rebased to 0x6bc80000 (size 0xffffffff)
 interop.vba.dll rebased to 0x6bc80000 (size 0xffffffff)
invmigserver.dll rebased to 0x6bc80000 (size 0xffffffff)
        jt61.dll rebased to 0x6bc80000 (size 0xffffffff)
    jtbrep61.dll rebased to 0x6bc80000 (size 0xffffffff)
    jtsimp61.dll rebased to 0x6bc80000 (size 0xffffffff)
      jttk22.dll rebased to 0x6bc80000 (size 0xffffffff)
  jtxtbrep61.dll rebased to 0x6bc80000 (size 0xffffffff)
       jxt51.dll rebased to 0x6bc80000 (size 0xffffffff)
lightworksdll.dll rebased to 0x6bc80000 (size 0xffffffff)
lightworksdlld.dll rebased to 0x6bc80000 (size 0xffffffff)
      lmgr11.dll rebased to 0x6bc80000 (size 0xffffffff)
      lmgr9a.dll rebased to 0x6bc80000 (size 0xffffffff)
mdtserverside.dll rebased to 0x6bc80000 (size 0xffffffff)
  parasupt61.dll rebased to 0x6bc80000 (size 0xffffffff)
      partps.dll rebased to 0x6bc80000 (size 0xffffffff)
     partpsd.dll rebased to 0x6bc80000 (size 0xffffffff)
       pcl51.dll rebased to 0x6bc80000 (size 0xffffffff)
       pfcom.dll rebased to 0x6bc80000 (size 0xffffffff)
    pfkernel.dll rebased to 0x6bc80000 (size 0xffffffff)
    plmxml51.dll rebased to 0x6bc80000 (size 0xffffffff)
plmxmladapterjt51.dll rebased to 0x6bc80000 (size 0xffffffff)
plmxmladapterjxt51.dll rebased to 0x6bc80000 (size 0xffffffff)
plmxmladapternx51.dll rebased to 0x6bc80000 (size 0xffffffff)
plmxmladapterxpk51.dll rebased to 0x6bc80000 (size 0xffffffff)
plmxmladapterxt51.dll rebased to 0x6bc80000 (size 0xffffffff)
plmxmlannotation51.dll rebased to 0x6bc80000 (size 0xffffffff)
plmxmlbusiness51.dll rebased to 0x6bc80000 (size 0xffffffff)
plmxmlclassification51.dll rebased to 0x6bc80000 (size 0xffffffff)
plmxmldelta51.dll rebased to 0x6bc80000 (size 0xffffffff)
 plmxmleds51.dll rebased to 0x6bc80000 (size 0xffffffff)
  plmxmlfd51.dll rebased to 0x6bc80000 (size 0xffffffff)
plmxmlmechatronics51.dll rebased to 0x6bc80000 (size 0xffffffff)
 plmxmlmpm51.dll rebased to 0x6bc80000 (size 0xffffffff)
 plmxmlmro51.dll rebased to 0x6bc80000 (size 0xffffffff)
plmxmlparserxerces51.dll rebased to 0x6bc80000 (size 0xffffffff)
plmxmlroutelist51.dll rebased to 0x6bc80000 (size 0xffffffff)
plmxmltceng51.dll rebased to 0x6bc80000 (size 0xffffffff)
proeseserverside.dll rebased to 0x6bc80000 (size 0xffffffff)
  psbodyshop.dll rebased to 0x6bc80000 (size 0xffffffff)
    pskernel.dll rebased to 0x6bc80000 (size 0xffffffff)
 psxttoolkit.dll rebased to 0x6bc80000 (size 0xffffffff)
se.core.base.dll rebased to 0x6bc80000 (size 0xffffffff)
se.core.controls.dll rebased to 0x6bc80000 (size 0xffffffff)
se.core.ctools.dll rebased to 0x6bc80000 (size 0xffffffff)
se.core.document.dll rebased to 0x6bc80000 (size 0xffffffff)
se.core.storagelib.dll rebased to 0x6bc80000 (size 0xffffffff)
se.core.utilities.dll rebased to 0x6bc80000 (size 0xffffffff)
se.smap.bulkpartadder.dll rebased to 0x6bc80000 (size 0xffffffff)
se.smap.parteditor.dll rebased to 0x6bc80000 (size 0xffffffff)
se.smap.partfinderlib.dll rebased to 0x6bc80000 (size 0xffffffff)
se.smap.smartinstaller.dll rebased to 0x6bc80000 (size 0xffffffff)
smfeatureedge.dll rebased to 0x6bc80000 (size 0xffffffff)
smfeatureedged.dll rebased to 0x6bc80000 (size 0xffffffff)
       xpk51.dll rebased to 0x6bc80000 (size 0xffffffff)
           *.dax rebased to 0x6bc80000 (size 0xffffffff)
           *.dcx rebased to 0x6bc80000 (size 0xffffffff)
           *.dex rebased to 0x6bc80000 (size 0xffffffff)
           *.drx rebased to 0x6bc80000 (size 0xffffffff)
           *.dsx rebased to 0x6bc80000 (size 0xffffffff)
           *.dnx rebased to 0x6bc80000 (size 0xffffffff)
           *.ocx rebased to 0x6bc80000 (size 0xffffffff)

Total Size of mapping 0x00010000
Range 0x6bc70000 -0x6bc80000

